<?xml version="1.0" encoding="UTF-8"?>
<testng-results ignored="0" total="4" passed="3" failed="1" skipped="0">
  <reporter-output>
  </reporter-output>
  <suite started-at="2020-09-11T09:22:49 IST" name="Default suite" finished-at="2020-09-11T09:23:00 IST" duration-ms="11064">
    <groups>
    </groups>
    <test started-at="2020-09-11T09:22:49 IST" name="Default test" finished-at="2020-09-11T09:23:00 IST" duration-ms="11064">
      <class name="assignment.ApiTest">
        <test-method signature="checkResponseBody()[pri:0, instance:assignment.ApiTest@18ce0030]" started-at="2020-09-11T09:22:49 IST" name="checkResponseBody" finished-at="2020-09-11T09:22:58 IST" duration-ms="9596" status="PASS">
          <reporter-output>
          </reporter-output>
        </test-method> <!-- checkResponseBody -->
        <test-method signature="checkResponseBodyForCompanyParameter()[pri:0, instance:assignment.ApiTest@18ce0030]" started-at="2020-09-11T09:22:58 IST" name="checkResponseBodyForCompanyParameter" finished-at="2020-09-11T09:22:59 IST" duration-ms="352" status="FAIL">
          <exception class="java.lang.AssertionError">
            <message>
              <![CDATA[expected [ABC Infotech] but found [IG Infotech]]]>
            </message>
            <full-stacktrace>
              <![CDATA[java.lang.AssertionError: expected [ABC Infotech] but found [IG Infotech]
at org.testng.Assert.fail(Assert.java:99)
at org.testng.Assert.failNotEquals(Assert.java:1037)
at org.testng.Assert.assertEqualsImpl(Assert.java:140)
at org.testng.Assert.assertEquals(Assert.java:122)
at org.testng.Assert.assertEquals(Assert.java:629)
at org.testng.Assert.assertEquals(Assert.java:639)
at assignment.ApiTest.checkResponseBodyForCompanyParameter(ApiTest.java:85)
at java.base/jdk.internal.reflect.NativeMethodAccessorImpl.invoke0(Native Method)
at java.base/jdk.internal.reflect.NativeMethodAccessorImpl.invoke(NativeMethodAccessorImpl.java:62)
at java.base/jdk.internal.reflect.DelegatingMethodAccessorImpl.invoke(DelegatingMethodAccessorImpl.java:43)
at java.base/java.lang.reflect.Method.invoke(Method.java:564)
at org.testng.internal.MethodInvocationHelper.invokeMethod(MethodInvocationHelper.java:132)
at org.testng.internal.TestInvoker.invokeMethod(TestInvoker.java:599)
at org.testng.internal.TestInvoker.invokeTestMethod(TestInvoker.java:174)
at org.testng.internal.MethodRunner.runInSequence(MethodRunner.java:46)
at org.testng.internal.TestInvoker$MethodInvocationAgent.invoke(TestInvoker.java:822)
at org.testng.internal.TestInvoker.invokeTestMethods(TestInvoker.java:147)
at org.testng.internal.TestMethodWorker.invokeTestMethods(TestMethodWorker.java:146)
at org.testng.internal.TestMethodWorker.run(TestMethodWorker.java:128)
at java.base/java.util.ArrayList.forEach(ArrayList.java:1511)
at org.testng.TestRunner.privateRun(TestRunner.java:764)
at org.testng.TestRunner.run(TestRunner.java:585)
at org.testng.SuiteRunner.runTest(SuiteRunner.java:384)
at org.testng.SuiteRunner.runSequentially(SuiteRunner.java:378)
at org.testng.SuiteRunner.privateRun(SuiteRunner.java:337)
at org.testng.SuiteRunner.run(SuiteRunner.java:286)
at org.testng.SuiteRunnerWorker.runSuite(SuiteRunnerWorker.java:53)
at org.testng.SuiteRunnerWorker.run(SuiteRunnerWorker.java:96)
at org.testng.TestNG.runSuitesSequentially(TestNG.java:1218)
at org.testng.TestNG.runSuitesLocally(TestNG.java:1140)
at org.testng.TestNG.runSuites(TestNG.java:1069)
at org.testng.TestNG.run(TestNG.java:1037)
at org.testng.remote.AbstractRemoteTestNG.run(AbstractRemoteTestNG.java:115)
at org.testng.remote.RemoteTestNG.initAndRun(RemoteTestNG.java:251)
at org.testng.remote.RemoteTestNG.main(RemoteTestNG.java:77)
]]>
            </full-stacktrace>
          </exception> <!-- java.lang.AssertionError -->
          <reporter-output>
          </reporter-output>
        </test-method> <!-- checkResponseBodyForCompanyParameter -->
        <test-method signature="checkResponseHeader()[pri:0, instance:assignment.ApiTest@18ce0030]" started-at="2020-09-11T09:22:59 IST" name="checkResponseHeader" finished-at="2020-09-11T09:22:59 IST" duration-ms="377" status="PASS">
          <reporter-output>
          </reporter-output>
        </test-method> <!-- checkResponseHeader -->
        <test-method signature="checkStatusCode()[pri:0, instance:assignment.ApiTest@18ce0030]" started-at="2020-09-11T09:22:59 IST" name="checkStatusCode" finished-at="2020-09-11T09:23:00 IST" duration-ms="427" status="PASS">
          <reporter-output>
          </reporter-output>
        </test-method> <!-- checkStatusCode -->
      </class> <!-- assignment.ApiTest -->
    </test> <!-- Default test -->
  </suite> <!-- Default suite -->
</testng-results>
